Determining if the pthread_create exist failed with the following output:
Change Dir: /home/mokugyo/git_project/attention-tracker/build/CMakeFiles/CMakeTmp

Run Build Command:"/usr/bin/make" "cmTC_289c1/fast"
/usr/bin/make -f CMakeFiles/cmTC_289c1.dir/build.make CMakeFiles/cmTC_289c1.dir/build
make[1]: ディレクトリ '/home/mokugyo/git_project/attention-tracker/build/CMakeFiles/CMakeTmp' に入ります
Building C object CMakeFiles/cmTC_289c1.dir/CheckSymbolExists.c.o
/usr/bin/cc    -fPIE   -o CMakeFiles/cmTC_289c1.dir/CheckSymbolExists.c.o   -c /home/mokugyo/git_project/attention-tracker/build/CMakeFiles/CMakeTmp/CheckSymbolExists.c
Linking C executable cmTC_289c1
/usr/bin/cmake -E cmake_link_script CMakeFiles/cmTC_289c1.dir/link.txt --verbose=1
/usr/bin/cc       CMakeFiles/cmTC_289c1.dir/CheckSymbolExists.c.o  -o cmTC_289c1 -rdynamic 
CMakeFiles/cmTC_289c1.dir/CheckSymbolExists.c.o: 関数 `main' 内:
CheckSymbolExists.c:(.text+0x1b): `pthread_create' に対する定義されていない参照です
collect2: error: ld returned 1 exit status
CMakeFiles/cmTC_289c1.dir/build.make:97: ターゲット 'cmTC_289c1' のレシピで失敗しました
make[1]: *** [cmTC_289c1] エラー 1
make[1]: ディレクトリ '/home/mokugyo/git_project/attention-tracker/build/CMakeFiles/CMakeTmp' から出ます
Makefile:126: ターゲット 'cmTC_289c1/fast' のレシピで失敗しました
make: *** [cmTC_289c1/fast] エラー 2

File /home/mokugyo/git_project/attention-tracker/build/CMakeFiles/CMakeTmp/CheckSymbolExists.c:
/* */
#include <pthread.h>

int main(int argc, char** argv)
{
  (void)argv;
#ifndef pthread_create
  return ((int*)(&pthread_create))[argc];
#else
  (void)argc;
  return 0;
#endif
}

Determining if the function pthread_create exists in the pthreads failed with the following output:
Change Dir: /home/mokugyo/git_project/attention-tracker/build/CMakeFiles/CMakeTmp

Run Build Command:"/usr/bin/make" "cmTC_d5737/fast"
/usr/bin/make -f CMakeFiles/cmTC_d5737.dir/build.make CMakeFiles/cmTC_d5737.dir/build
make[1]: ディレクトリ '/home/mokugyo/git_project/attention-tracker/build/CMakeFiles/CMakeTmp' に入ります
Building C object CMakeFiles/cmTC_d5737.dir/CheckFunctionExists.c.o
/usr/bin/cc    -DCHECK_FUNCTION_EXISTS=pthread_create -fPIE   -o CMakeFiles/cmTC_d5737.dir/CheckFunctionExists.c.o   -c /usr/share/cmake-3.5/Modules/CheckFunctionExists.c
Linking C executable cmTC_d5737
/usr/bin/cmake -E cmake_link_script CMakeFiles/cmTC_d5737.dir/link.txt --verbose=1
/usr/bin/cc   -DCHECK_FUNCTION_EXISTS=pthread_create    CMakeFiles/cmTC_d5737.dir/CheckFunctionExists.c.o  -o cmTC_d5737 -rdynamic -lpthreads 
/usr/bin/ld: -lpthreads が見つかりません
collect2: error: ld returned 1 exit status
CMakeFiles/cmTC_d5737.dir/build.make:97: ターゲット 'cmTC_d5737' のレシピで失敗しました
make[1]: *** [cmTC_d5737] エラー 1
make[1]: ディレクトリ '/home/mokugyo/git_project/attention-tracker/build/CMakeFiles/CMakeTmp' から出ます
Makefile:126: ターゲット 'cmTC_d5737/fast' のレシピで失敗しました
make: *** [cmTC_d5737/fast] エラー 2


